{"message":"Service https://google.com working","level":"low","createdAt":"2024-10-02T20:18:31.476Z"}
{"message":"Service https://google.com working","level":"low","createdAt":"2024-10-02T20:18:32.131Z"}
{"message":"Service https://google.com working","level":"low","createdAt":"2024-10-02T20:18:33.130Z"}
{"message":"Service https://google.com working","level":"low","createdAt":"2024-10-02T20:18:34.142Z"}
{"message":"Service https://google.com working","level":"low","createdAt":"2024-10-02T20:18:35.128Z"}
{"message":"Service https://google.com working","level":"low","createdAt":"2024-10-02T20:18:36.121Z"}
{"message":"Service https://google.com working","level":"low","createdAt":"2024-10-02T20:18:37.129Z"}
{"message":"Service https://google.com working","level":"low","createdAt":"2024-10-02T20:18:38.126Z"}
{"message":"Service https://google.com working","level":"low","createdAt":"2024-10-16T21:56:19.338Z"}
{"message":"Service https://google.com working","level":"low","createdAt":"2024-10-16T21:56:20.102Z"}
{"message":"Service https://google.com working","level":"low","createdAt":"2024-10-16T21:56:21.113Z"}
{"message":"Service https://google.com working","level":"low","createdAt":"2024-10-16T21:56:22.113Z"}
{"message":"Service https://google.com working","level":"low","createdAt":"2024-10-16T21:58:22.295Z"}
{"message":"Service https://google.com working","level":"low","createdAt":"2024-10-16T21:58:23.117Z"}
{"message":"Service https://google.com working","level":"low","createdAt":"2024-10-22T20:10:05.464Z","origin":"check-service.ts"}
{"message":"Service https://google.com working","level":"low","createdAt":"2024-10-22T20:10:06.131Z","origin":"check-service.ts"}
{"message":"Service https://google.com working","level":"low","createdAt":"2024-10-22T20:10:07.143Z","origin":"check-service.ts"}
{"message":"Service https://google.com working","level":"low","createdAt":"2024-10-22T20:10:08.149Z","origin":"check-service.ts"}
{"message":"Service https://google.com working","level":"low","createdAt":"2024-10-22T20:10:09.144Z","origin":"check-service.ts"}
{"message":"Service https://google.com working","level":"low","createdAt":"2024-10-22T20:10:10.128Z","origin":"check-service.ts"}
{"message":"Service https://google.com working","level":"low","createdAt":"2024-10-22T20:10:11.138Z","origin":"check-service.ts"}
{"message":"Email was not sent","level":"high","createdAt":"2024-10-22T22:54:21.129Z","origin":"emailService.ts"}
{"message":"Email can not send","level":"high","createdAt":"2024-10-22T23:05:55.400Z","origin":"send-logs.ts"}
{"message":"Email sent sucessful!","level":"low","createdAt":"2024-10-22T23:06:13.550Z","origin":"send-logs.ts"}
